  Building Custom Rule C:/Users/Asus/source/repos/_Stalcry_/SFML-2.5.1-src/src/SFML/Audio/CMakeLists.txt
  ALCheck.cpp
  AlResource.cpp
  AudioDevice.cpp
  Listener.cpp
  Music.cpp
  Sound.cpp
  SoundBuffer.cpp
  SoundBufferRecorder.cpp
  InputSoundFile.cpp
  OutputSoundFile.cpp
  SoundRecorder.cpp
  SoundSource.cpp
  SoundStream.cpp
  SoundFileFactory.cpp
  SoundFileReaderFlac.cpp
  SoundFileReaderOgg.cpp
  SoundFileReaderWav.cpp
  SoundFileWriterFlac.cpp
  SoundFileWriterOgg.cpp
  SoundFileWriterWav.cpp
  Создание кода...
  sfml-audio.vcxproj -> C:\Users\Asus\source\repos\_Stalcry_\SFML-edit\x64-s\lib\Release\sfml-audio-s.lib
