  Building Custom Rule C:/Users/Asus/source/repos/_Stalcry_/SFML-2.5.1-src/src/SFML/System/CMakeLists.txt
  Clock.cpp
  Err.cpp
  Lock.cpp
  Mutex.cpp
  Sleep.cpp
  String.cpp
  Thread.cpp
  ThreadLocal.cpp
  Time.cpp
  FileInputStream.cpp
  MemoryInputStream.cpp
  ClockImpl.cpp
C:\Users\Asus\source\repos\_Stalcry_\SFML-2.5.1-src\src\SFML\System\Win32\ClockImpl.cpp(46,35): warning C4996: 'GetVersion': объявлен deprecate
  MutexImpl.cpp
  SleepImpl.cpp
  ThreadImpl.cpp
  ThreadLocalImpl.cpp
  Создание кода...
  sfml-system.vcxproj -> C:\Users\Asus\source\repos\_Stalcry_\SFML-edit\x64-s\lib\Debug\sfml-system-s-d.lib
